{
  "seleniumLog": [
    {
      "commandName": "get",
      "args": [
        "[http://www.google.co.in]"
      ],
      "result": "fail",
      "subLogs": [],
      "duration": -1
    },
    {
      "commandName": "Then verify 'name=q' is present",
      "args": [
        "[name=q]"
      ],
      "result": "Not Run",
      "subLogs": [],
      "duration": -1
    },
    {
      "commandName": "When sendKeys 'QMetry' into 'name=q'",
      "args": [
        "[QMetry, name=q]"
      ],
      "result": "Not Run",
      "subLogs": [],
      "duration": -1
    },
    {
      "commandName": "And click on 'name=btnG'",
      "args": [
        "[name=btnG]"
      ],
      "result": "Not Run",
      "subLogs": [],
      "duration": -1
    }
  ],
  "checkPoints": [
    {
      "message": "Given get 'http://www.google.co.in'",
      "type": "TestStepFail",
      "duration": 213,
      "threshold": 0,
      "subCheckPoints": [
        {
          "message": "Timed out after 0 seconds: Unable to create driver instance in 1st attempt with retry timeout of 0 seconds. You can check/set value of 'driver.init.retry.timeout' appropriately to set retry timeout on driver initialization failure.\njava.lang.NoSuchMethodException: org.openqa.selenium.phantomjs.PhantomJSDriver.<init>(java.net.URL, org.openqa.selenium.Capabilities)\nBuild info: version: '3.4.0', revision: 'unknown', time: 'unknown'\nSystem info: host: 'ICPL12834', ip: 'fe80:0:0:0:cb2:3c46:b65e:a6d6%en0', os.name: 'Mac OS X', os.arch: 'x86_64', os.version: '10.13.2', java.version: '1.8.0_161'\nDriver info: driver.version: unknown",
          "type": "Fail",
          "duration": 0,
          "threshold": 0,
          "subCheckPoints": []
        }
      ]
    },
    {
      "message": "Then verify 'name=q' is present",
      "type": "TestStep",
      "duration": 0,
      "threshold": 0,
      "subCheckPoints": []
    },
    {
      "message": "When sendKeys 'QMetry' into 'name=q'",
      "type": "TestStep",
      "duration": 0,
      "threshold": 0,
      "subCheckPoints": []
    },
    {
      "message": "And click on 'name=btnG'",
      "type": "TestStep",
      "duration": 0,
      "threshold": 0,
      "subCheckPoints": []
    }
  ],
  "errorTrace": "com.qmetry.qaf.automation.core.AutomationError: Timed out after 0 seconds: Unable to create driver instance in 1st attempt with retry timeout of 0 seconds. You can check/set value of 'driver.init.retry.timeout' appropriately to set retry timeout on driver initialization failure.\njava.lang.NoSuchMethodException: org.openqa.selenium.phantomjs.PhantomJSDriver.<init>(java.net.URL, org.openqa.selenium.Capabilities)\nBuild info: version: '3.4.0', revision: 'unknown', time: 'unknown'\nSystem info: host: 'ICPL12834', ip: 'fe80:0:0:0:cb2:3c46:b65e:a6d6%en0', os.name: 'Mac OS X', os.arch: 'x86_64', os.version: '10.13.2', java.version: '1.8.0_161'\nDriver info: driver.version: unknown\n\tat .Given get 'http://www.google.co.in'(scenarios/suite1.bdd:6)\n\tat com.qmetry.qaf.automation.ui.UiDriverFactory.getDriverObj(UiDriverFactory.java:275)\n\tat com.qmetry.qaf.automation.ui.UiDriverFactory.access$4(UiDriverFactory.java:245)\n\tat com.qmetry.qaf.automation.ui.UiDriverFactory$Browsers.getDriver(UiDriverFactory.java:428)\n\tat com.qmetry.qaf.automation.ui.UiDriverFactory$Browsers.access$6(UiDriverFactory.java:416)\n\tat com.qmetry.qaf.automation.ui.UiDriverFactory.getDriver(UiDriverFactory.java:228)\n\tat com.qmetry.qaf.automation.ui.UiDriverFactory.get(UiDriverFactory.java:94)\n\tat com.qmetry.qaf.automation.core.QAFTestBase$DriverInitExpectedCondition.apply(QAFTestBase.java:553)\n\tat com.qmetry.qaf.automation.core.QAFTestBase$DriverInitExpectedCondition.apply(QAFTestBase.java:1)\n\tat org.openqa.selenium.support.ui.FluentWait.until(FluentWait.java:238)\n\tat com.qmetry.qaf.automation.core.QAFTestBase.init(QAFTestBase.java:452)\n\tat com.qmetry.qaf.automation.core.QAFTestBase.getUiDriver(QAFTestBase.java:240)\n\tat com.qmetry.qaf.automation.ui.WebDriverTestBase.getDriver(WebDriverTestBase.java:47)\n\tat com.qmetry.qaf.automation.step.CommonStep.get_aroundBody24(CommonStep.java:315)\n\tat com.qmetry.qaf.automation.step.JavaStepReporter.javaTestStep(JavaStepReporter.java:101)\n\tat com.qmetry.qaf.automation.step.CommonStep.get(CommonStep.java:314)\n\tat com.qmetry.qaf.automation.step.JavaStep.doExecute(JavaStep.java:160)\n\tat com.qmetry.qaf.automation.step.BaseTestStep.execute(BaseTestStep.java:149)\n\tat com.qmetry.qaf.automation.step.StringTestStep.execute(StringTestStep.java:134)\n\tat com.qmetry.qaf.automation.step.client.Scenario.execute(Scenario.java:169)\n\tat com.qmetry.qaf.automation.step.client.Scenario.scenario(Scenario.java:221)\n\tat org.apache.maven.surefire.testng.TestNGExecutor.run(TestNGExecutor.java:122)\n\tat org.apache.maven.surefire.testng.TestNGXmlTestSuite.execute(TestNGXmlTestSuite.java:92)\n\tat org.apache.maven.surefire.testng.TestNGProvider.invoke(TestNGProvider.java:101)\n\tat org.apache.maven.surefire.util.ReflectionUtils.invokeMethodWithArray(ReflectionUtils.java:164)\n\tat org.apache.maven.surefire.booter.ProviderFactory$ProviderProxy.invoke(ProviderFactory.java:110)\n\tat org.apache.maven.surefire.booter.SurefireStarter.invokeProvider(SurefireStarter.java:172)\n\tat org.apache.maven.surefire.booter.SurefireStarter.runSuitesInProcessWhenForked(SurefireStarter.java:104)\n\tat org.apache.maven.surefire.booter.ForkedBooter.main(ForkedBooter.java:70)\n"
}